<?xml version="1.0" encoding="UTF-8"?>
<testsuite xmlns:xsi="http://www.w3.org/2001/XMLSchema-instance" xsi:noNamespaceSchemaLocation="https://maven.apache.org/surefire/maven-surefire-plugin/xsd/surefire-test-report.xsd" version="3.0.2" name="br.com.vechiato.donnacida_api.DonnacidaApiApplicationTests" time="1.799" tests="1" errors="0" skipped="0" failures="0">
  <properties>
[...]
</properties>
  <testcase name="contextLoads" classname="br.com.vechiato.donnacida_api.DonnacidaApiApplicationTests" time="0.394">
    <system-out><![CDATA[Standard Commons Logging discovery in action with spring-jcl: please remove commons-logging.jar from classpath in order to avoid potential conflicts
19:49:18.897 [main] INFO org.springframework.test.context.support.AnnotationConfigContextLoaderUtils -- Could not detect default configuration classes for test class [br.com.vechiato.donnacida_api.DonnacidaApiApplicationTests]: DonnacidaApiApplicationTests does not declare any static, non-private, non-final, nested classes annotated with @Configuration.
19:49:18.953 [main] INFO org.springframework.boot.test.context.SpringBootTestContextBootstrapper -- Found @SpringBootConfiguration br.com.vechiato.donnacida_api.DonnacidaApiApplication for test class br.com.vechiato.donnacida_api.DonnacidaApiApplicationTests

  .   ____          _            __ _ _
 /\\ / ___'_ __ _ _(_)_ __  __ _ \ \ \ \
( ( )\___ | '_ | '_| | '_ \/ _` | \ \ \ \
 \\/  ___)| |_)| | | | | || (_| |  ) ) ) )
  '  |____| .__|_| |_|_| |_\__, | / / / /
 =========|_|==============|___/=/_/_/_/

 :: Spring Boot ::                (v3.4.1)

2025-02-22T19:49:19.143-03:00  INFO 33148 --- [donnacida-api] [           main] b.c.v.d.DonnacidaApiApplicationTests     : Starting DonnacidaApiApplicationTests using Java 17.0.12 with PID 33148 (started by rvechiato in /Users/rvechiato/Projects/DonaCidaApp/quaternion-app-donnacida-api/app)
2025-02-22T19:49:19.143-03:00  INFO 33148 --- [donnacida-api] [           main] b.c.v.d.DonnacidaApiApplicationTests     : No active profile set, falling back to 1 default profile: "default"
2025-02-22T19:49:20.161-03:00  INFO 33148 --- [donnacida-api] [           main] o.s.b.a.e.web.EndpointLinksResolver      : Exposing 1 endpoint beneath base path '/actuator'
2025-02-22T19:49:20.196-03:00  INFO 33148 --- [donnacida-api] [           main] b.c.v.d.DonnacidaApiApplicationTests     : Started DonnacidaApiApplicationTests in 1.178 seconds (process running for 1.616)
]]></system-out>
  </testcase>
</testsuite>